[
  "4RVEkfhDBehU9iJijkFLVaiFq9xNkpxwxbrd8C8AJb6gpLh2PQfHDyKDFzWqusUrhyxGJuiBZnsMUvTsVSUyXL9u",
  "5ExBMJ3z9khXE5AZWWqdGMxVoMVyAgCJjuHBNvKtkjzxa8w7axQbLXu4EnCTSTJtdbQ1vNaheSNcfDbviEpzh11W",
  "EsrWDeWSTLCSNRzPUWRkFShePwKVbhNVeiq5wNota8nKF1ZMZtDxHTq7C4uHbGPHSSF2apk6H1x1YqfYt46ZuFQ",
  "42mTtu9DEUREporc3E5cmM6r65jkdiA6veVXXQyLLJ6Xr8yD5t9Kv1GwkZpNxADmCWaR8ZxWEGEbx9BDWu95ypgV",
  "5mXBqCF89pah2MH1xcY2uutSfst5gz6hR9dYGNhowoKdiZ8teavEkEgLWUtCLZiQavxAwBYZSiT3GY6qcJA14fXA",
  "61vKnB4cqknxcEyvbctBaXxJpfFBcjZ2XeYwENju9g5dFkFn9cTv4cYgdBbpDtCt5BLzQ48uAc459qJ8uv13DP3u",
  "4Z2x8LG88wJFdd9Zh2eW9ww83WRVdnZZKX3Z1UqxD2KgpHMFfVY2WUuLv2YarLVBmkC2s1oDq6FUhyTZhY98AVC3",
  "3J7i6Ymhc9c99HGENy759KrmqHWqEM7UJT4LwLodN9zseTaGznVmBqtp1fS5ChGXMQVPZY4BbjK8Ej5WBMi6wPoi",
  "3KQDcHbtMp7mxdsinQmMqtBKGgNdY31az36FaiHX6ZM7UULXQntX8JQ1ZvU7NDzPznD1CaThTR2J7KNqaNXjouVE",
  "5VMwidJJN6uBqRefF6SBD19RHdvUV6dEHDGrsFjUV2UoCxBpf17A5nNSVffoLUmyHFL3rfDgQfe5M62MHbHHfgvU",
  "3jWEujLMg3Wo6tg5f9b3Mq6htwSajm1mGRzAB69FkbUXF1LspbTtmFUnnHp9QjcbQLiptj1HAtgqXRcfYza6qBBp",
  "QXxijWX7mgwGXkqVNxEBqgJJGJFbduTHaTckQeg98BGni1yhK95yBKJ8YUtV2bX3evff6TejtkvVLnqcBn3yB8D",
  "2E6M4ZgeSzhWbGKtrgmKstKRUkCdFzDpEQaLDDNZPbBdvFs53hkPnHcP5Bdvp6RjQYrgsLcqQidsuXmm3X4nuBUs",
  "36c4gEb7bzLGQWhuhdBSHg4d7tzuF9j4tgA2e3sEYhRg1gU6SwMESSh9yYQzTPGRSN2PqRLMUwA2xNwfhZZW7499",
  "5EzY6gLyzia2gZ1PBfcvbdqhE5wJsVXtobooYtPmbjQ9B8zAF1eRyQbruLtr9PjB1MofAYsBXEfsa4NvZA2JLSWD",
  "3DWRngMfNp8awPwL5ydfGwXZqgkiWtnDYri6dn7FKGR86jL96deEDuAEAt1Fvf1pF4K7w1rwB17Pz8RKcasxb1nJ",
  "WEyxZW7AyTB1jowt4dkjUFUrQph2snAyDJLhL8Awt2XYzaSL7KwRBQPmHPA7A4qW1v85MYD3BSz5pMqtUvqCRjB",
  "4QoPzbh8XA2Fm3pbT4qoYwKHpx3CXubpC3LBbAtq71GDW58GxH9pKkgVjuaUheKdBZVLjQkB6bc7rUsvc3raKxDF",
  "2nf6MVfsdGHaUu9sXDqMjoUfP85gWxAGkP9YfgAbYBsn46iPpJTrqrZ5Dj7tnWpgmTbajzDPtTWLvm2urfsTZB4C",
  "5NZBas5NyBm1A99XSrYpWrYTcmfModeU1v2QjftxYmN27br73gRySz1Hx8YusLMWDXxLHjgaw6exvKmyPpaycfBP",
  "5wiWiWZsfEUf3gG3huYAypVExysqfXahB8tM2KdPTL2sz1ZABW9gDvX8SZ6mRMh426L8oWnCqF58maQTy3itXmN",
  "443b91S2etx8it5RthkyVK5Y7XAdLr6Xu1b2zwy8ApJYUm5aLTijkpbaPugbHgvnGWbokQsktPB25sWzchnLSh8N",
  "4JxVrt17upPjhb3JNA8P2iaU4XBEQiVG3it2czDwQQMdawXGzivgzN8w1vZR89VBZGTtfFq5jdB4JuhTXFZ7KPZ5",
  "2rdmM5TtdSGrcezjTiJ8jEsgah9pMyMkDFD5A7eDHR4dqtERdVFCRwkswoMeV2iof3SybQMDmCitPUwTnoRm19AS",
  "3jfkzUzjrrJMkoBxxrsWTzTKT5yHH7nGiK5xUGtXkEQtRb976LmopMFpYY6DWv7fq3kqySTU86vg7GhhMiDgZwhv",
  "X2AA4EhK4iReNt7z1hbnSjoFqk23wc62UfNeSdWcvUC6KWqjQJQCQjiKYp8dosWB9AJsjG4Noz5z16k3PR1ANhb",
  "4xgPX148zbRGwdkZxPefftafTEQnWpS9E1phcEdzvqPskKBoL1sqs6UxUeVGBNN6BEqtgueJs7nx8i8uF5zALvZe",
  "3wkeLddg9K581vWQAaorYc2jAXXycfNT3sWdYYn7DXHugAUS7xzs2ge4YKEx36yaZe2KEpQN1EgjMEEtn6nGEUiT",
  "2EpzzKSnvwvZcbcsfBMwhXRqtirwUJDLX29dpGbnoqNpd6X3UoYxotMkuSHxW6NTxvz6UmYCKKRZeXnpNYN6e36n",
  "5ogeXPDcCFtzrKZGWKRj4zzUE3jtf6UMTpFv9kW8ukkiA6QgsVFiSpzNA8gKiHVguwsMok94o6NhQYqAnWwW2GG8",
  "3BCeMp8srYopFCNpYVQdJ7zqyFue4Czd43n7W29PQCax2crS1nZadL5dZhYVQNWGkShEERQjeRdWbYjNQ7FoSfPk",
  "5xNjLeK8v11T58HGYJCECNCqVFcQ7LvUbbZWFtiNDyXYguEaYWwsCfNUUJPKYXdXMSdasQb72wtxPNUpUgAJDjrz",
  "CEx3uQoxxHV7Zc5MHQWSQKh7rZ8auBit2qLS1DxBSCLUhtMqAjuVqq6SJm8hB6iY6ro8nP8FhNktwpr4f6AseQT",
  "r7jnmQJxawJ7F4RCyTFSdYYcUXe4Vn81WXeN8PZSNEXWyrbUhAwAp5N93RhgRAEWdqD67iGZ8bG6TJiibeSeED6",
  "28eV8VWXBsCSfhassfrCgJhGUM5nmaLNkojkkpmFrWGzWS6SzGoZnYsdWNfCkAcru1WrhEg349nvrgxPxrfE8JKb",
  "wNjuitwh56pZYB9bSfXkxw7ztYfPbtf4UGRMjBtCX3qPRFXDYxBDJX6wz1LPy1yz1iy3YwVgqA9eqfEUmtJELbw",
  "5kLqwWJyEAnmNQfugXqyox8YW2UCeCn2PdDhKStsgPw57tGgvZFYD9jAnmfpb5Q8AkF5mvPqkUMD7atggWXo1aJq",
  "3i6XirKo5ySF54Ezx5nwEaZqsUpC1iq6hHWG4HcDY3camicztrS89Y5TtbH7vsRgkgTkzSVTMDG1gG8zLpW6Kms7",
  "4Y4svXahphggbs754Kw9Ct7fAyVUGvK6SL8Mjf3Ta5t3AuKcBWPTm8APHrucNB9Hjq41aUUJfe9XRrmxwWHfks8D",
  "3gPvmoaythM3SzsR6hzZ6MtdfYeT3zxKoXkNy8MccWPAEuwqyn7SQ7K2FYPjfohnSjoW37XF4kQoxo9EKviYTy6f",
  "vKAzaxHaeFB5tMoeV1M9N1FBDc3ysLRNu5B98SAr4DtvAndz5EHN2da3WgERC5w14PT3MZ7U4qFYk1stMxMaodZ",
  "4pA1VQzWx3tpJj7iHmAezUa8znYwsbohPuupj3zRvj5pn8F8gVuuKbPjKn1vQk2jJ5trUKtRVDYmY6MftsZuNnYX",
  "5obq79AeShJ5ukoZ2i9Pw6HoCsFJmEmfBvBoRYyivuD1co6NXXyLgZE1rzjzc3KSV1zA2MFokzivdrjgG9wJxxV9",
  "4hBCTdXkSuaMhGTSG87Bn7vLtH9Eq6MvtWvXXWb2TPJN2ZXrEGvuECtX99nBBrJipRrCZcMNRHP2CtfsbQRg4cBr",
  "4PXV4vCFHm2SgR6k7mttZeULTfimmy7BmXAcJzspJhYe6aAyLN5Xt7wWzbZSgQh9uH9Qw9jqp9G98w2BZdqXcav4",
  "2YkP1VVHDcDR33HFypPm4qTow9hZmQqXuwpWdM6eYUgDWAvkjSV4u8erLzPYzAMsig3npSJwPZmbqcKawEJkfeBC",
  "KHXJSCBkeqAwjkzerCjSqBSn7GQzpySvkg5hVNMmAx689FoxzFoDkTrmJX8v6DbxNCCnFw6tVps66vneu2kXcaa",
  "5dEThxXw5FYpxPkpyDJpN7XDDd2yEvN7pyGGLd3NvF5esZnnTGi8Rnc2xchffVpJtREmt4gbsSSF96wM9GwrGrdH",
  "5qkKLW35v8y3tQrAycLG5aknCi6i9A3kQoGfC6EbEZu52WZaLFPwkMFUngooT8i2Z1efADL1J8cZmaRJ5HBhyNjM",
  "4s68xrnBjqXsLs6b9TYUpMxJaAq7vB6wbyCf33mai7PrMNY2meryCQwL45f1KHYCBXAYSB1PLznGJYtYrjRnF9bz",
  "4DJqva5cmVnPGeBFnKxBCdBX3fQDX7TdHvd7MFEpFHybb5rTYhtBMvn4mnfPvBrjHuoTN37xAZR5YoWBM4faWA8Q",
  "9Lv1MJJ5kAaqkR8J6xRvfFDpkCsvZJomp6F9vXWtLL3aK8BKynDjhbSJBXWLbUC2UgHJ47CFaR9gv7D8Qh3PNZ4",
  "AFNEBZzmkRPPe57Mr4s2zhAFCQbYzLgTji2fGUzikSiwWppS6qH1kipCY9nG9ZAuZ1QSd8e6xB9kpayVULyHMGo",
  "3KHWLjrRLAtV4pXqLqbakcq3GC1BvEqjCWUQq6Rr8K9uN99SFwgpCkogAWYAASU5g517ZbHKDbLKYEKpJupk8baR",
  "2QugJWhPPZXAzTKnDSz3zWU89K9jMQjFEpJaTFEGJ8oWh32rAGEnEdT7AFBpKsTHvDpLabf6cYhePnyedwX76Zmd",
  "2uTbpbjtKr22r4zHqGxpCzfCTZ277EVNzShqT98fNxpCsFtuCQ4MEQ2sFrF98wQiJakfHXpnY37K1gRCxVz31Lco",
  "3Bkm1pCT8ehTgHF1gv3pFuvDyT8vTSRfHKBVyREKqNNk6hrreYXE7HAcxXNNXvJN9xYniZ8urnV1pquSkXkq2anh",
  "4eXkn7dtUzwDB2o83grawab8tfw4WnH2F9kaTec2KVeMXBpaMSM1m2AfvEYfofDTMdXzNSXgJqG2ZNMMWxdYsxft",
  "5kA2xxHXvN1tJXRMpQqWtWNp9SurCJYtGP9FgESfdZFn5ApfEaznkB6WtpwyxnH4CDqHDin9wMNQpi3GYwMgBzGS",
  "3kyVeigCi8rHvt8GtDrNN4wL9BijAwSRC6fsno5YyRpmjfcmxgtHc3CSSVHJ6V8amQSZJxqRfxh8xzwm2eUovwja",
  "3P95JX4hGse1vdbJHeFpzuPihWsXK3FP6NdotkJ6bZUMkmS2pJexe6hVS3hFrqWfwi3PBM2KQafCxpDLDoziVdNa",
  "3F5bQ9oczq6TtVEjGcWkGx1BGPsVxxKJj1RirqpNv2J7sEc4YuoCCF13BXAE4QJxDcKaTSSLVhDwaGopST9RJWWz",
  "HaRgwjmyNcRPHQsTSAT1reTRKzBenJCMUHoosxg1tnYP2LhLNb16DYF3h2Htz3aMYBtbXgcKqyj6wH7sscZz2jN",
  "2rUbDEXs8VNiaewWnUt77i1hEkTb4NWpygUGge5tscdr96m5rF8oFMtEjaJHBKnE5VV6bWd7LhiU33t8RPfBnQ9R",
  "JBrXXqDzX5oMHd6a2D4buNya7Brw1cTNKSgC9Zwcz5ENqTxg3A8vhj8iE285ZcsHvk75Gh2RfawjvnaCMt5wEcy",
  "4qGsZjumHHdr4VwFM2XpPtJyhtxmZQ2gaz6DtSVUX3JySYfvGHNFYeUwLMCSbVgQAJ8xNjikjbWzScRZjNUMfuLN",
  "5HC8qwRCD1KAVc3sEKYMWU1MkvJhRSQR27GCHtvC793UeuJM1nW4Xdpce3ydct8CmXGiha5P8ji1qHiSQnwij9hr",
  "4P7eam1FiuzJQSSsW6tBquvGSWLDB7Q2PdGxCqr8eLymiEjVgKpazmL8rJqcfav1hVrCVTU2pjkyxMCj19waD4gH",
  "nNd42ho5QHSeHHdRt6z9oYBAqCPGRdFtpCkukbEiXd5FNYgbnenBDwHXqYBE2gnocCckTp474wd6wNf8Y56jvXj",
  "3aEKeQvQ9uAG6awwfJHkr3YnW5cKALYhYrN2Fj1px7Y3ELhgtSkUALBNVLq2rcRHcaxWgqiDKLPsZbpLjZNgWR3Q",
  "21MC3bnZPs2UAq71vXqoGSjP3Hamnbh2X1gHJfLuACWutUTLji73cKLmdjXa9XRN6VeEyJk3jeJxwqiuR2Q2PQMa",
  "AaFY4Zh7tXpoSdfXivetgcKmqceZNcUu3MvxBC2vHqbCBwL2NsFu2GscYd8mKS3jUcbKSaPFQ8z1dts2i9Kg85q",
  "45EygQruzyL9NC7tV3rSckUYoCXH6UQwzPu3CuEKLYejVkRDHWTnSyxcdC9ZPywhK1xTaMNestDZWXaeYieJJCka",
  "4uLeDmGebqx8buNhVFP4pfwZ7FxWH3XBe7HXCWXCR8GqYAvoYhXtd784ja8A1hqCCbFUSL4quqwFxTRrwNciVWXN",
  "4EDQVZW5kMuD1gsf5Go7UsRJBiFK1KTfkVBMyeQtsbNeXrxFKrBbwJNDZeciWq9wT8hM8CrkVxDMCFwymqCQ8kaZ",
  "54E7CMtXH1gXFVPVbKaM5ifZmcWimUa3jwdjocaaL3i4cTPAZHpBsKapqcLpEg43jb7AbikgLuBRx9ULbrkEpX3G",
  "5soqhEZSjm8FkyN9ZzjZienyPSTX7dwuhcpVeJQWy3Q6zbif2Mtbff6GDoUaaymihkmJi8i1VVbVeNRGxpBPZhRJ",
  "674riXepdmFi4nP5eRdNU8sxir9M5ehdLv1WtMfXzgvfogCvVAJgfshsr5oG2mYi8oDU9SRh5XfAeBgE1d8LktGn",
  "3cLzpqox6B7ZmEqBxSHSuA8dF5YC1fu2Qd1eZv8tGMrXEFUR3V3eK4jM6BjvrhRThgKtsjWZmert4NL5KwDA3FPr",
  "5hHtQT6EUt9gcb31ZUzEFFWWUPQCM8FRgtrBmKDNEfyZRnhYjjWAon71tzEiQapL93K28SkCnnnq7CQFcHYnwRaK",
  "3jdHpFJksqEUmN6TE6KG8QSDPkMkL936V5vRH5k2j6GRfpRCzCAPe9kN3QoVguP9PC45bapsym3EoBaX5eycLEbS",
  "3dqtKBUvWx8BmbCo4SBjZvDok4sWS9F5PQCf7f96V5Lmj1hVSWHYjwtHUPGSn2uYhtSD1JhGobLEqHeQDHxbs51h",
  "3d1o44VYKpGRhtQwRJcJYAwC77aXG4zi5HMQayyK3TbsqxGHWDPNPYEjiit95VzVDMHe7vEoSFRGvqNrx2k5zP63",
  "66VMvCUSsmKH3qCr7p9rbjM2d38V7tsEdHEsEDZk6CSHAvRpdeADkX7MJA6qk5ETdwiNjXDT4ChNZZzhpKRCzmrh",
  "5ivevsE5BM4PJm9VpikV9JAerrAAQj1trcgPsyNuDi9Nu3mtEkkVSXnmEomFwVsK7rNn3u59eCBH1aSSzjT1i5kM",
  "4b7U2BDthhASMGq8uZ8b6jPtNgXcz6TBMpjoDq4KBZf5Tb9i2tG1WxtbDWuNihLPJh1AwmiuhgAL2BLiX2Vhq9Ae",
  "2XHJRCAEjsJX2urnT4APSGeG1dSpFoswzj4FDxwiv71KtmD6FwXKty89gCYSDcGvg3wPb2JDK1NuKDToqLRfgYVW",
  "4QXCB9R3WaNUVkhXvizACxnyXETFufaNEEKh4sWj8NJnx7qMB4pM4eEZgiyh6vSZYmP2AqEVirpys8YDZvWUnQb1",
  "3vLtCmCGFSxYm5445VfAeQ7Svi5koTyRQ3QncTzvXYfVvECECMs7WrxUy5kLq2H9bnZRY8ks83K6HJpXPYK7pUGT",
  "4CZmeHXTq8wuiyjCqupp5vqMZn2gbc97eJLdmTr8p4UPfzoqZCJpxFWfsejZf5py1JkW2KhPVT9jkoxRkGPmVuaP",
  "45R2R9cuC8eqwNJUFzFcdwAm2nrjni9HBCgUNLgvqzPpMsQSjJ6ZPz1s2JUdm3hrdnzS1adepvBUt9EWWNevH3To",
  "1n1R2XtMmVVRvxHst5K3iJhpa1uTpTzmcmgeHnN3jioWnYad5fF2RGz2bUFHK4zQPaMVyHSn2JFy7eKU6aS4Zva",
  "4EeXTJvKN6WJQ3HJ3ojjfCcoAWKdTjZpReGVi1jYKjxVGnZZ1pLTyDiGE1Y73nExJ42PkMYA5bxoyjP4M44prexX",
  "2QktYdgvdW2EpxA52Ve5dF23eE7m9U4pTMJDkFwD72Bmnf4MpmCPpyxQsyLxHGbZEBkFCh9VS9GnvQwPifMcW3iz",
  "3Bj8MQiRW2VZDcJk3Y7XaLgF5rsdh8x6UACt1gSY9VsTwyt8QWXpaNQmA2nCy7Y8hL4jv2nd5uFuL9cHQMbQgNSW",
  "5HghXMwdV11D4CdaVsYvAwSQPdoSwgA2JUsgacsvEt3rxn2CXRQmHvH7VSd1fdBQ9w46kwYVh7CxsFXMJfnyLFoK",
  "2mpJn54bNVXdJxod7GbBtuxRVVmPeyTB2opePLJeA5MUFe8USS25gVEoraxiQ4JxySiHfFYqbn62cM388Y3AiLgB",
  "4LyDTCcrW1L6aN2dtfB6tvh4tGyPU12bfv6yK1BQrPutszvvnfsFXYs9hjhWG25ur67Fd3hSRuqv8UmdMxjSLzBq",
  "rfLGLYFj71vwJJ7TRdLmifDHh5jGCwcbNs7iYLJRoNnb3LUWRzzgyrHqP22PabeHPButkkuniA6rED8Fp3K6VPy",
  "5LRvRgTrteENCDySqK8weGH984vocRkUhVLUE5HJnxNxTSZMkKGGbN2wKkYDgoBtUdhbR1Xgekgbf3cuU2E9Jra"
]